Using pre-set license
Built from '2020.3/release' branch; Version is '2020.3.12f1 (b3b2c6512326) revision 11776710'; Using compiler version '192528614'; Build Type 'Release'
OS: 'Windows 10 Home; OS build 19043.1081; Version 2009; 64bit' Language: 'fr' Physical Memory: 8128 MB
BatchMode: 1, IsHumanControllingUs: 0, StartBugReporterOnCrash: 0, Is64bit: 1, IsPro: 0

 COMMAND LINE ARGUMENTS:
C:\Program Files\2020.3.12f1\Editor\Unity.exe
-adb2
-batchMode
-noUpm
-name
AssetImportWorker0
-projectPath
C:/Users/theol/Documents/GitHub/Space-Odyssey/Space Odyssey
-logFile
Logs/AssetImportWorker0.log
-srvPort
51770
Successfully changed project path to: C:/Users/theol/Documents/GitHub/Space-Odyssey/Space Odyssey
C:/Users/theol/Documents/GitHub/Space-Odyssey/Space Odyssey
Using Asset Import Pipeline V2.
Refreshing native plugins compatible for Editor in 102.41 ms, found 1 plugins.
Preloading 0 native plugins for Editor in 0.00 ms.
Initialize engine version: 2020.3.12f1 (b3b2c6512326)
[Subsystems] Discovering subsystems at path C:/Program Files/2020.3.12f1/Editor/Data/Resources/UnitySubsystems
[Subsystems] Discovering subsystems at path C:/Users/theol/Documents/GitHub/Space-Odyssey/Space Odyssey/Assets
GfxDevice: creating device client; threaded=0
Direct3D:
    Version:  Direct3D 11.0 [level 11.1]
    Renderer: NVIDIA GeForce GTX 1060 (ID=0x1c20)
    Vendor:   
    VRAM:     2987 MB
    Driver:   27.21.14.6677
Shader 'Universal Render Pipeline/Particles/Lit': fallback shader 'Universal Render Pipeline/Particles/SimpleLit' not found
Initialize mono
Mono path[0] = 'C:/Program Files/2020.3.12f1/Editor/Data/Managed'
Mono path[1] = 'C:/Program Files/2020.3.12f1/Editor/Data/MonoBleedingEdge/lib/mono/unityjit'
Mono config path = 'C:/Program Files/2020.3.12f1/Editor/Data/MonoBleedingEdge/etc'
Using monoOptions --debugger-agent=transport=dt_socket,embedding=1,server=y,suspend=n,address=127.0.0.1:56984
Begin MonoManager ReloadAssembly
Registering precompiled unity dll's ...
Register platform support module: C:/Program Files/2020.3.12f1/Editor/Data/PlaybackEngines/WebGLSupport/UnityEditor.WebGL.Extensions.dll
Register platform support module: C:/Program Files/2020.3.12f1/Editor/Data/PlaybackEngines/WindowsStandaloneSupport/UnityEditor.WindowsStandalone.Extensions.dll
Registered in 0.007012 seconds.
Native extension for WindowsStandalone target not found
Native extension for WebGL target not found
Refreshing native plugins compatible for Editor in 115.66 ms, found 1 plugins.
Preloading 0 native plugins for Editor in 0.00 ms.
Mono: successfully reloaded assembly
- Completed reload, in  6.968 seconds
Platform modules already initialized, skipping
Registering precompiled user dll's ...
Registered in 0.006111 seconds.
Begin MonoManager ReloadAssembly
Native extension for WindowsStandalone target not found
Native extension for WebGL target not found
Refreshing native plugins compatible for Editor in 130.85 ms, found 1 plugins.
Preloading 0 native plugins for Editor in 0.00 ms.
Mono: successfully reloaded assembly
- Completed reload, in  1.809 seconds
Platform modules already initialized, skipping
========================================================================
Worker process is ready to serve import requests
Shader 'Universal Render Pipeline/Particles/Lit': fallback shader 'Universal Render Pipeline/Particles/SimpleLit' not found
Launched and connected shader compiler UnityShaderCompiler.exe after 0.08 seconds
Refreshing native plugins compatible for Editor in 0.68 ms, found 1 plugins.
Preloading 0 native plugins for Editor in 0.00 ms.
Unloading 3254 Unused Serialized files (Serialized files now loaded: 0)
System memory in use before: 149.3 MB.
System memory in use after: 149.5 MB.

Unloading 20 unused Assets to reduce memory usage. Loaded Objects now: 3713.
Total: 3.626700 ms (FindLiveObjects: 0.394200 ms CreateObjectMapping: 0.243300 ms MarkObjects: 2.890800 ms  DeleteObjects: 0.097000 ms)

AssetImportParameters requested are different than current active one (requested -> active):
  custom:framework-win-MediaFoundation: 216162199b28c13a410421893ffa2e32 -> 
  custom:video-decoder-ogg-theora: a1e56fd34408186e4bbccfd4996cb3dc -> 
  custom:container-muxer-webm: aa71ff27fc2769a1b78a27578f13a17b -> 
  custom:container-demuxer-webm: 4f35f7cbe854078d1ac9338744f61a02 -> 
  custom:container-demuxer-ogg: 62fdf1f143b41e24485cea50d1cbac27 -> 
  custom:video-encoder-webm-vp8: eb34c28f22e8b96e1ab97ce403110664 -> 
  custom:video-decoder-webm-vp8: 9c59270c3fd7afecdb556c50c9e8de78 -> 
  custom:audio-decoder-ogg-vorbis: bf7c407c2cedff20999df2af8eb42d56 -> 
  custom:audio-encoder-webm-vorbis: bf7c407c2cedff20999df2af8eb42d56 -> 
========================================================================
Received Import Request.
  path: Assets/LEMONMILK-Medium SDF.asset
  artifactKey: Guid(0a410c19755d0b042ab6c439b522bf5a) Importer(815301076,1909f56bfc062723c751e8b465ee728b)
Start importing Assets/LEMONMILK-Medium SDF.asset using Guid(0a410c19755d0b042ab6c439b522bf5a) Importer(815301076,1909f56bfc062723c751e8b465ee728b)  -> (artifact id: '008778a83736e2989323995633906c6b') in 0.532353 seconds 
  Import took 0.546438 seconds .

========================================================================
Received Import Request.
  Time since last request: 0.000818 seconds.
  path: Assets/le Raliment(pp)2.jpg
  artifactKey: Guid(eb905db86769c2544879e6cf1a1c598b) Importer(815301076,1909f56bfc062723c751e8b465ee728b)
Start importing Assets/le Raliment(pp)2.jpg using Guid(eb905db86769c2544879e6cf1a1c598b) Importer(815301076,1909f56bfc062723c751e8b465ee728b)  -> (artifact id: '8728f450a4e8af251fe4d247e8b495e3') in 0.081942 seconds 
  Import took 0.093010 seconds .

========================================================================
Received Import Request.
  Time since last request: 0.001210 seconds.
  path: Assets/le Raliment(pp)2.jpg
  artifactKey: Guid(eb905db86769c2544879e6cf1a1c598b) Importer(815301076,1909f56bfc062723c751e8b465ee728b)
Start importing Assets/le Raliment(pp)2.jpg using Guid(eb905db86769c2544879e6cf1a1c598b) Importer(815301076,1909f56bfc062723c751e8b465ee728b)  -> (artifact id: '8728f450a4e8af251fe4d247e8b495e3') in 0.030344 seconds 
  Import took 0.039209 seconds .

========================================================================
Received Prepare
Shader 'Universal Render Pipeline/Particles/Lit': fallback shader 'Universal Render Pipeline/Particles/SimpleLit' not found
Refreshing native plugins compatible for Editor in 3.01 ms, found 1 plugins.
Preloading 0 native plugins for Editor in 0.00 ms.
Unloading 6 Unused Serialized files (Serialized files now loaded: 0)
System memory in use before: 82.7 MB.
System memory in use after: 83.0 MB.

Unloading 6 unused Assets to reduce memory usage. Loaded Objects now: 3823.
Total: 4.137300 ms (FindLiveObjects: 0.369300 ms CreateObjectMapping: 0.210400 ms MarkObjects: 3.527200 ms  DeleteObjects: 0.029000 ms)

AssetImportParameters requested are different than current active one (requested -> active):
  custom:framework-win-MediaFoundation: 216162199b28c13a410421893ffa2e32 -> 
  custom:video-decoder-ogg-theora: a1e56fd34408186e4bbccfd4996cb3dc -> 
  custom:container-muxer-webm: aa71ff27fc2769a1b78a27578f13a17b -> 
  custom:container-demuxer-webm: 4f35f7cbe854078d1ac9338744f61a02 -> 
  custom:container-demuxer-ogg: 62fdf1f143b41e24485cea50d1cbac27 -> 
  custom:video-encoder-webm-vp8: eb34c28f22e8b96e1ab97ce403110664 -> 
  custom:video-decoder-webm-vp8: 9c59270c3fd7afecdb556c50c9e8de78 -> 
  custom:audio-decoder-ogg-vorbis: bf7c407c2cedff20999df2af8eb42d56 -> 
  custom:audio-encoder-webm-vorbis: bf7c407c2cedff20999df2af8eb42d56 -> 
